<?xml version="1.0" encoding="UTF-8" ?>
<testsuite failures="0" time="0.039" errors="0" skipped="0" tests="1" name="nomadic.coders.AppTest">
  <properties>
    <property name="java.runtime.name" value="Java(TM) SE Runtime Environment"/>
    <property name="sun.boot.library.path" value="C:\Program Files (x86)\Java\jdk1.7.0\jre\bin"/>
    <property name="java.vm.version" value="21.0-b06"/>
    <property name="user.country.format" value="GB"/>
    <property name="java.vm.vendor" value="Oracle Corporation"/>
    <property name="java.vendor.url" value="http://java.oracle.com/"/>
    <property name="path.separator" value=";"/>
    <property name="java.vm.name" value="Java HotSpot(TM) Client VM"/>
    <property name="file.encoding.pkg" value="sun.io"/>
    <property name="user.script" value=""/>
    <property name="user.country" value="US"/>
    <property name="sun.java.launcher" value="SUN_STANDARD"/>
    <property name="sun.os.patch.level" value="Service Pack 1"/>
    <property name="java.vm.specification.name" value="Java Virtual Machine Specification"/>
    <property name="user.dir" value="C:\Users\jay\Documents\workspace2\perf-test"/>
    <property name="java.runtime.version" value="1.7.0-ea-b136"/>
    <property name="java.awt.graphicsenv" value="sun.awt.Win32GraphicsEnvironment"/>
    <property name="basedir" value="C:\Users\jay\Documents\workspace2\perf-test"/>
    <property name="java.endorsed.dirs" value="C:\Program Files (x86)\Java\jdk1.7.0\jre\lib\endorsed"/>
    <property name="os.arch" value="x86"/>
    <property name="surefire.real.class.path" value="C:\Users\jay\AppData\Local\Temp\surefirebooter7956664327570985658.jar"/>
    <property name="java.io.tmpdir" value="C:\Users\jay\AppData\Local\Temp\"/>
    <property name="line.separator" value="
"/>
    <property name="java.vm.specification.vendor" value="Oracle Corporation"/>
    <property name="user.variant" value=""/>
    <property name="os.name" value="Windows 7"/>
    <property name="sun.jnu.encoding" value="Cp1252"/>
    <property name="java.library.path" value="C:\Program Files (x86)\Java\jdk1.7.0\jre\bin;.;C:\Windows\Sun\Java\bin;C:\Windows\system32;C:\Windows;C:\Program Files (x86)\Windows Resource Kits\Tools\;C:\Program Files\Common Files\Microsoft Shared\Windows Live;C:\Program Files (x86)\Common Files\Microsoft Shared\Windows Live;C:\Program Files (x86)\NVIDIA Corporation\PhysX\Common;C:\Windows\system32;C:\Windows;C:\Windows\System32\Wbem;C:\Windows\System32\WindowsPowerShell\v1.0\;C:\Program Files (x86)\MySQL\MySQL Server 5.1\bin;c:\Program Files (x86)\Microsoft SQL Server\100\Tools\Binn\;c:\Program Files\Microsoft SQL Server\100\Tools\Binn\;c:\Program Files\Microsoft SQL Server\100\DTS\Binn\;C:\Program Files (x86)\Windows Live\Shared;C:\Program Files\SlikSvn\bin\;C:\Program Files (x86)\Common Files\Autodesk Shared\;C:\Program Files (x86)\MySQL\MySQL Server 5.5\bin;C:\Program Files (x86)\Autodesk\Backburner\;C:\Program Files\Common Files\Autodesk Shared\;C:\Program Files (x86)\Java\jdk1.6.0_23\bin;C:\build\apache-maven-3.0\bin;C:\build\apache-ant-1.8.2\bin;C:\web_server\apache-tomcat-6.0.29\bin;C:\groovy-2.1.7\bin;C:\Program Files\putty;C:\cygwin\bin;C:\Program Files (x86)\Java\jdk1.6.0_23\include;C:\Program Files (x86)\Java\jdk1.6.0_23\include\win32;c:\Users\jay\workspace\watch\bin;C:\Program Files\springsource\grails-2.2.4\bin;C:\Program Files (x86)\scala\\bin;C:\Program Files\TortoiseSVN\bin;C:\Program Files (x86)\QuickTime\QTSystem\;C:\build\gradle-1.7\bin;C:\Program Files\Microsoft SQL Server\110\Tools\Binn\;C:\Program Files (x86)\Microsoft Visual Studio 12.0\VC\bin;C:\cygwin\bin;C:\Program Files\nodejs\;C:\Users\jay\AppData\Roaming\npm"/>
    <property name="surefire.test.class.path" value="C:\Users\jay\Documents\workspace2\perf-test\target\test-classes;C:\Users\jay\Documents\workspace2\perf-test\target\classes;C:\Users\jay\.m2\repository\junit\junit\4.11\junit-4.11.jar;C:\Users\jay\.m2\repository\org\hamcrest\hamcrest-core\1.3\hamcrest-core-1.3.jar;C:\Users\jay\.m2\repository\com\google\caliper\caliper\1.0-beta-1\caliper-1.0-beta-1.jar;C:\Users\jay\.m2\repository\com\google\code\gson\gson\2.2.2\gson-2.2.2.jar;C:\Users\jay\.m2\repository\joda-time\joda-time\2.1\joda-time-2.1.jar;C:\Users\jay\.m2\repository\com\sun\jersey\jersey-client\1.11\jersey-client-1.11.jar;C:\Users\jay\.m2\repository\com\sun\jersey\jersey-core\1.11\jersey-core-1.11.jar;C:\Users\jay\.m2\repository\com\google\guava\guava\14.0.1\guava-14.0.1.jar;C:\Users\jay\.m2\repository\com\google\inject\guice\3.0\guice-3.0.jar;C:\Users\jay\.m2\repository\javax\inject\javax.inject\1\javax.inject-1.jar;C:\Users\jay\.m2\repository\aopalliance\aopalliance\1.0\aopalliance-1.0.jar;C:\Users\jay\.m2\repository\com\google\inject\extensions\guice-multibindings\3.0\guice-multibindings-3.0.jar;C:\Users\jay\.m2\repository\com\google\code\java-allocation-instrumenter\java-allocation-instrumenter\2.1\java-allocation-instrumenter-2.1.jar;C:\Users\jay\.m2\repository\org\ow2\asm\asm\4.0\asm-4.0.jar;C:\Users\jay\.m2\repository\org\ow2\asm\asm-analysis\4.0\asm-analysis-4.0.jar;C:\Users\jay\.m2\repository\org\ow2\asm\asm-commons\4.0\asm-commons-4.0.jar;C:\Users\jay\.m2\repository\org\ow2\asm\asm-tree\4.0\asm-tree-4.0.jar;C:\Users\jay\.m2\repository\org\ow2\asm\asm-util\4.0\asm-util-4.0.jar;C:\Users\jay\.m2\repository\org\ow2\asm\asm-xml\4.0\asm-xml-4.0.jar;"/>
    <property name="java.specification.name" value="Java Platform API Specification"/>
    <property name="java.class.version" value="51.0"/>
    <property name="sun.management.compiler" value="HotSpot Client Compiler"/>
    <property name="os.version" value="6.1"/>
    <property name="user.home" value="C:\Users\jay"/>
    <property name="user.timezone" value=""/>
    <property name="java.awt.printerjob" value="sun.awt.windows.WPrinterJob"/>
    <property name="java.specification.version" value="1.7"/>
    <property name="file.encoding" value="Cp1252"/>
    <property name="user.name" value="jay"/>
    <property name="java.class.path" value="C:\Users\jay\Documents\workspace2\perf-test\target\test-classes;C:\Users\jay\Documents\workspace2\perf-test\target\classes;C:\Users\jay\.m2\repository\junit\junit\4.11\junit-4.11.jar;C:\Users\jay\.m2\repository\org\hamcrest\hamcrest-core\1.3\hamcrest-core-1.3.jar;C:\Users\jay\.m2\repository\com\google\caliper\caliper\1.0-beta-1\caliper-1.0-beta-1.jar;C:\Users\jay\.m2\repository\com\google\code\gson\gson\2.2.2\gson-2.2.2.jar;C:\Users\jay\.m2\repository\joda-time\joda-time\2.1\joda-time-2.1.jar;C:\Users\jay\.m2\repository\com\sun\jersey\jersey-client\1.11\jersey-client-1.11.jar;C:\Users\jay\.m2\repository\com\sun\jersey\jersey-core\1.11\jersey-core-1.11.jar;C:\Users\jay\.m2\repository\com\google\guava\guava\14.0.1\guava-14.0.1.jar;C:\Users\jay\.m2\repository\com\google\inject\guice\3.0\guice-3.0.jar;C:\Users\jay\.m2\repository\javax\inject\javax.inject\1\javax.inject-1.jar;C:\Users\jay\.m2\repository\aopalliance\aopalliance\1.0\aopalliance-1.0.jar;C:\Users\jay\.m2\repository\com\google\inject\extensions\guice-multibindings\3.0\guice-multibindings-3.0.jar;C:\Users\jay\.m2\repository\com\google\code\java-allocation-instrumenter\java-allocation-instrumenter\2.1\java-allocation-instrumenter-2.1.jar;C:\Users\jay\.m2\repository\org\ow2\asm\asm\4.0\asm-4.0.jar;C:\Users\jay\.m2\repository\org\ow2\asm\asm-analysis\4.0\asm-analysis-4.0.jar;C:\Users\jay\.m2\repository\org\ow2\asm\asm-commons\4.0\asm-commons-4.0.jar;C:\Users\jay\.m2\repository\org\ow2\asm\asm-tree\4.0\asm-tree-4.0.jar;C:\Users\jay\.m2\repository\org\ow2\asm\asm-util\4.0\asm-util-4.0.jar;C:\Users\jay\.m2\repository\org\ow2\asm\asm-xml\4.0\asm-xml-4.0.jar;"/>
    <property name="java.vm.specification.version" value="1.7"/>
    <property name="sun.arch.data.model" value="32"/>
    <property name="java.home" value="C:\Program Files (x86)\Java\jdk1.7.0\jre"/>
    <property name="sun.java.command" value="C:\Users\jay\AppData\Local\Temp\surefirebooter7956664327570985658.jar C:\Users\jay\AppData\Local\Temp\surefire2670744011050787454tmp C:\Users\jay\AppData\Local\Temp\surefire8486151382186139919tmp"/>
    <property name="java.specification.vendor" value="Oracle Corporation"/>
    <property name="user.language" value="en"/>
    <property name="awt.toolkit" value="sun.awt.windows.WToolkit"/>
    <property name="java.vm.info" value="mixed mode, sharing"/>
    <property name="java.version" value="1.7.0-ea"/>
    <property name="java.ext.dirs" value="C:\Program Files (x86)\Java\jdk1.7.0\jre\lib\ext;C:\Windows\Sun\Java\lib\ext"/>
    <property name="sun.boot.class.path" value="C:\Program Files (x86)\Java\jdk1.7.0\jre\lib\resources.jar;C:\Program Files (x86)\Java\jdk1.7.0\jre\lib\rt.jar;C:\Program Files (x86)\Java\jdk1.7.0\jre\lib\sunrsasign.jar;C:\Program Files (x86)\Java\jdk1.7.0\jre\lib\jsse.jar;C:\Program Files (x86)\Java\jdk1.7.0\jre\lib\jce.jar;C:\Program Files (x86)\Java\jdk1.7.0\jre\lib\charsets.jar;C:\Program Files (x86)\Java\jdk1.7.0\jre\classes"/>
    <property name="java.vendor" value="Oracle Corporation"/>
    <property name="localRepository" value="C:\Users\jay\.m2\repository"/>
    <property name="file.separator" value="\"/>
    <property name="java.vendor.url.bug" value="http://java.sun.com/cgi-bin/bugreport.cgi"/>
    <property name="sun.cpu.endian" value="little"/>
    <property name="sun.io.unicode.encoding" value="UnicodeLittle"/>
    <property name="sun.desktop" value="windows"/>
    <property name="sun.cpu.isalist" value="pentium_pro+mmx pentium_pro pentium+mmx pentium i486 i386 i86"/>
  </properties>
  <testcase time="0.002" classname="nomadic.coders.AppTest" name="testApp"/>
</testsuite>